Using pre-set license
Built from '2020.3/staging' branch; Version is '2020.3.26f1 (7298b473bc1a) revision 7510196'; Using compiler version '192528614'; Build Type 'Release'
OS: 'Windows 10  (10.0.19042) 64bit Core' Language: 'ru' Physical Memory: 6021 MB
BatchMode: 1, IsHumanControllingUs: 0, StartBugReporterOnCrash: 0, Is64bit: 1, IsPro: 0

COMMAND LINE ARGUMENTS:
C:\Program Files\Unity\Hub\Editor\2020.3.26f1\Editor\Unity.exe
-adb2
-batchMode
-noUpm
-name
AssetImportWorker0
-projectPath
C:/Users/arman.DESKTOP-DAEITM6/Desktop/Unity course/jr project/Jr_programmer_project
-logFile
Logs/AssetImportWorker0.log
-srvPort
64403
Successfully changed project path to: C:/Users/arman.DESKTOP-DAEITM6/Desktop/Unity course/jr project/Jr_programmer_project
C:/Users/arman.DESKTOP-DAEITM6/Desktop/Unity course/jr project/Jr_programmer_project
Using Asset Import Pipeline V2.
Refreshing native plugins compatible for Editor in 1360.58 ms, found 2 plugins.
Preloading 0 native plugins for Editor in 0.00 ms.
Initialize engine version: 2020.3.26f1 (7298b473bc1a)
[Subsystems] Discovering subsystems at path C:/Program Files/Unity/Hub/Editor/2020.3.26f1/Editor/Data/Resources/UnitySubsystems
[Subsystems] Discovering subsystems at path C:/Users/arman.DESKTOP-DAEITM6/Desktop/Unity course/jr project/Jr_programmer_project/Assets
GfxDevice: creating device client; threaded=0
Direct3D:
    Version:  Direct3D 11.0 [level 11.1]
    Renderer: Intel(R) UHD Graphics 620 (ID=0x5917)
    Vendor:   
    VRAM:     3010 MB
    Driver:   26.20.100.7528
